<?xml version="1.0" encoding="UTF-8"?>
<!-- Generated by org.testng.reporters.JUnitReportReporter -->
<testsuite hostname="Lenovo" failures="0" tests="1" name="com.actitime.generic.verifytitle" time="7.678" errors="0" timestamp="2024-09-27T23:08:41 IST" skipped="0">
  <testcase classname="com.actitime.generic.verifytitle" name="verifytitle" time="7.678"/>
  <system-out/>
</testsuite> <!-- com.actitime.generic.verifytitle -->
